UG to STEP
! INFO-     NX STEP AP242 - V2412.6001
! INFO-      
! INFO-     Start of Translation: 19-SEP-2025  4:57:56 PM
! INFO-      
! STATUS-   Converting Part: C:\Users\aidan\AppData\Local\Temp\PCB_objects.prt
! STATUS-    
! STATUS-   Converting to Output Form (Phase 2 of 3): 19-SEP-2025 4:57:56 PM
! STATUS-    
! INFO-     Bspline aprx. value in effect for this translation :0.000025  meters 
! INFO-      
! INFO-           Summary of STEP Entities 
! INFO-      
! INFO-     Entity Type                                                   Count 
! INFO-     -----------                                                   ------ 
! INFO-     advanced_brep_shape_representation .......................:   1 
! INFO-     advanced_face ............................................:   486 
! INFO-     application_context ......................................:   1 
! INFO-     application_protocol_definition ..........................:   1 
! INFO-     axis2_placement_3d .......................................:   787 
! INFO-     brep_with_voids ..........................................:   1 
! INFO-     b_spline_curve_with_knots ................................:   2 
! INFO-     camera_model_d3 ..........................................:   8 
! INFO-     cartesian_point ..........................................:   2741 
! INFO-     circle ...................................................:   284 
! INFO-     closed_shell .............................................:   6 
! INFO-     colour_rgb ...............................................:   4 
! INFO-     conical_surface ..........................................:   4 
! INFO-     cylindrical_surface ......................................:   132 
! INFO-     default_model_geometric_view .............................:   1 
! INFO-     direction ................................................:   2634 
! INFO-     draughting_model .........................................:   9 
! INFO-     edge_curve ...............................................:   1346 
! INFO-     edge_loop ................................................:   560 
! INFO-     face_bound ...............................................:   560 
! INFO-     fill_area_style ..........................................:   486 
! INFO-     fill_area_style_colour ...................................:   486 
! INFO-     geometric_representation_context_and_global_uncertainty_a :   1 
! INFO-     length_unit_and_si_unit ..................................:   1 
! INFO-     line .....................................................:   1060 
! INFO-     mapped_item ..............................................:   9 
! INFO-     mechanical_design_and_draughting_relationship ............:   8 
! INFO-     mechanical_design_geometric_presentation_representation ..:   1 
! INFO-     model_geometric_view .....................................:   7 
! INFO-     oriented_closed_shell ....................................:   5 
! INFO-     oriented_edge ............................................:   2692 
! INFO-     planar_box ...............................................:   8 
! INFO-     plane ....................................................:   350 
! INFO-     plane_angle_unit_and_si_unit .............................:   1 
! INFO-     presentation_style_assignment ............................:   486 
! INFO-     product ..................................................:   1 
! INFO-     product_category .........................................:   1 
! INFO-     product_context ..........................................:   1 
! INFO-     product_definition .......................................:   1 
! INFO-     product_definition_context ...............................:   1 
! INFO-     product_definition_formation_with_specified_source .......:   1 
! INFO-     product_definition_shape .................................:   1 
! INFO-     product_related_product_category .........................:   1 
! INFO-     representation_map .......................................:   9 
! INFO-     shape_definition_representation ..........................:   1 
! INFO-     shape_representation .....................................:   1 
! INFO-     shape_representation_relationship ........................:   1 
! INFO-     si_unit_and_solid_angle_unit .............................:   1 
! INFO-     styled_item ..............................................:   486 
! INFO-     surface_side_style .......................................:   486 
! INFO-     surface_style_fill_area ..................................:   486 
! INFO-     surface_style_usage ......................................:   486 
! INFO-     uncertainty_measure_with_unit ............................:   1 
! INFO-     vector ...................................................:   1060 
! INFO-     vertex_point .............................................:   878 
! INFO-     view_volume ..............................................:   8 
! INFO-                                                                  ------- 
! INFO-     Total                                                         19081 
! INFO-      
! INFO-     End of Translation: 19-SEP-2025  4:57:57 PM
! INFO-      
UG to STEP
! INFO-     NX STEP AP214 - V2412.6001
! INFO-      
! INFO-     Start of Translation: 19-SEP-2025  5:05:21 PM
! INFO-      
! STATUS-   Converting Part: C:\Users\aidan\AppData\Local\Temp\PCB_objects.prt
! SUMMARY-   
! SUMMARY-  Summary of Unigraphics Part Entities
! SUMMARY-  For Part: C:\Users\aidan\AppData\Local\Temp\PCB_objects.prt 
! SUMMARY-  Entities Processed             Count
! SUMMARY-  ------------------             -----
! SUMMARY-  Part Attribute ..............:     1
! SUMMARY-  Font ........................:     1
! SUMMARY-  Color Table .................:     2
! SUMMARY-  Coordinate System ...........:     1
! SUMMARY-  Parameter ...................:     1
! SUMMARY-  Matrix ......................:     1
! SUMMARY-  Solid/Sheet .................:
! SUMMARY-     Body .....................:     1
! SUMMARY-                                 -----
! SUMMARY-  Total                              8
! STATUS-    
! STATUS-   Converting to Output Form (Phase 2 of 3): 19-SEP-2025 5:05:21 PM
! STATUS-    
! STATUS-    
! STATUS-   Generating UG geometry and placing them in parts
! STATUS-    
! SUMMARY-   
! SUMMARY-    STEP Header Information
! SUMMARY-   
! SUMMARY-  Description      Unknown
! SUMMARY-  Imp_Level        1
! SUMMARY-  File_Name        XIAO ESP32S3 3D.stp
! SUMMARY-  Date             2025-09-19T17:05:21-07:00
! SUMMARY-  Author           Unknown
! SUMMARY-  Organization     Unknown
! SUMMARY-  Pre_Version      ST-DEVELOPER v20
! SUMMARY-  Orig_System      SIEMENS PLM Software NX2412.6001
! SUMMARY-  Authorization    Unknown
! SUMMARY-  Schema_ID        step_merged_ap_schema
! SUMMARY-   
! SUMMARY-    Summary of STEP Entities
! SUMMARY-   
! SUMMARY-  Entity Type                                                   Count
! SUMMARY-  -----------                                                   ------
! SUMMARY-  advanced_face ..............................................:    486
! SUMMARY-  application_context ........................................:      1
! SUMMARY-  axis2_placement_3d .........................................:    769
! SUMMARY-  b_spline_curve_with_knots ..................................:      6
! SUMMARY-  brep_with_voids ............................................:      1
! SUMMARY-  cartesian_point ............................................:   2773
! SUMMARY-  circle .....................................................:    282
! SUMMARY-  closed_shell ...............................................:      6
! SUMMARY-  conical_surface ............................................:      4
! SUMMARY-  conversion_based_unit_and_plane_angle_unit .................:      1
! SUMMARY-  cylindrical_surface ........................................:    132
! SUMMARY-  dimensional_exponents ......................................:      1
! SUMMARY-  direction ..................................................:   2606
! SUMMARY-  edge_curve .................................................:   1356
! SUMMARY-  edge_loop ..................................................:    560
! SUMMARY-  face_bound .................................................:    108
! SUMMARY-  face_outer_bound ...........................................:    452
! SUMMARY-  geometric_representation_context_and_global_uncertainty_a ..:      1
! SUMMARY-  length_unit_and_si_unit ....................................:      1
! SUMMARY-  line .......................................................:   1068
! SUMMARY-  oriented_closed_shell ......................................:      5
! SUMMARY-  oriented_edge ..............................................:   2712
! SUMMARY-  plane ......................................................:    350
! SUMMARY-  plane_angle_measure_with_unit ..............................:      1
! SUMMARY-  plane_angle_unit_and_si_unit ...............................:      1
! SUMMARY-  product ....................................................:      1
! SUMMARY-  product_context ............................................:      1
! SUMMARY-  product_definition .........................................:      1
! SUMMARY-  product_definition_context .................................:      1
! SUMMARY-  product_definition_formation_with_specified_source .........:      1
! SUMMARY-  product_definition_shape ...................................:      1
! SUMMARY-  product_related_product_category ...........................:      1
! SUMMARY-  si_unit_and_solid_angle_unit ...............................:      1
! SUMMARY-  uncertainty_measure_with_unit ..............................:      1
! SUMMARY-  vector .....................................................:   1068
! SUMMARY-  vertex_point ...............................................:    888
! SUMMARY-                                                               -------
! SUMMARY-  Total                                                          15648
! INFO-     Bspline aprx. value in effect for this translation :0.025400 millimeter
! INFO-      
! INFO-     Total number of solids input for this translation  :       1
! INFO-      
! INFO-     Number of solids processed without problems        :       1
! INFO-      
! INFO-     Number of solids with problems output as sheets    :       0
! INFO-      
! INFO-     Number of solids not processed                     :       0
! INFO-      
! INFO-     End of Translation: 19-SEP-2025  5:05:21 PM
! INFO-      
